make all --print-data-base --no-builtin-variables --no-builtin-rules --question
make: *** No rule to make target 'all'.  Stop.

# GNU Make 4.2.1
# Built for x86_64-pc-linux-gnu
# Copyright (C) 1988-2016 Free Software Foundation, Inc.
# License GPLv3+: GNU GPL version 3 or later <http://gnu.org/licenses/gpl.html>
# This is free software: you are free to change and redistribute it.
# There is NO WARRANTY, to the extent permitted by law.

# Make data base, printed on Sat Jun  4 16:16:41 2022

# Variables

# 'override' directive
GNUMAKEFLAGS := 
# automatic
<D = $(patsubst %/,%,$(dir $<))
# automatic
?F = $(notdir $?)
# environment
DESKTOP_SESSION = ubuntu
# default
.SHELLFLAGS := -c
# environment
XDG_SESSION_CLASS = user
# environment
XDG_SESSION_TYPE = x11
# environment
VSCODE_LOG_NATIVE = false
# automatic
?D = $(patsubst %/,%,$(dir $?))
# environment
IM_CONFIG_PHASE = 1
# automatic
@D = $(patsubst %/,%,$(dir $@))
# environment
XAUTHORITY = /run/user/1000/gdm/Xauthority
# environment
GDMSESSION = ubuntu
# environment
XMODIFIERS = @im=ibus
# makefile
CURDIR := /home/acmt/Documents/pfasimplu-go
# makefile
SHELL = /bin/sh
# environment
VSCODE_NLS_CONFIG = {"locale":"en-us","availableLanguages":{},"_languagePackSupport":true}
# environment
_ = /usr/share/code/code
# environment
JOURNAL_STREAM = 8:61060
# environment
XDG_CONFIG_DIRS = /etc/xdg/xdg-ubuntu:/etc/xdg
# makefile (from 'makefile', line 1)
MAKEFILE_LIST :=  makefile
# automatic
@F = $(notdir $@)
# environment
GIO_LAUNCHED_DESKTOP_FILE = /usr/share/applications/code.desktop
# environment
USERNAME = acmt
# environment
MAKELEVEL := 0
# environment
MANDATORY_PATH = /usr/share/gconf/ubuntu.mandatory.path
# environment
XDG_DATA_DIRS = /usr/share/ubuntu:/usr/local/share/:/usr/share/:/var/lib/snapd/desktop
# environment
DBUS_SESSION_BUS_ADDRESS = unix:path=/run/user/1000/bus
# environment
VSCODE_VERBOSE_LOGGING = true
# environment
MANAGERPID = 1986
# environment
LESSOPEN = | /usr/bin/lesspipe %s
# environment
LC_NAME = ro_RO.UTF-8
# environment
VSCODE_CWD = /home/acmt
# default
MAKE_HOST := x86_64-pc-linux-gnu
# environment
PATH = /home/acmt/.local/bin:/home/acmt/.local/bin:/usr/local/sbin:/usr/local/bin:/usr/sbin:/usr/bin:/sbin:/bin:/usr/games:/usr/local/games:/snap/bin:/snap/bin:/home/acmt/flutter_linux_2.10.3-stable/flutter/bin
# environment
GPG_AGENT_INFO = /run/user/1000/gnupg/S.gpg-agent:0:1
# environment
GJS_DEBUG_OUTPUT = stderr
# environment
SESSION_MANAGER = local/acmt:@/tmp/.ICE-unix/2209,unix/acmt:/tmp/.ICE-unix/2209
# environment
XDG_RUNTIME_DIR = /run/user/1000
# environment
XDG_MENU_PREFIX = gnome-
# environment
VSCODE_LOG_STACK = false
# environment
ELECTRON_RUN_AS_NODE = 1
# environment
INVOCATION_ID = d3d9b24141b748619a384d59ea5ddea4
# default
.FEATURES := target-specific order-only second-expansion else-if shortest-stem undefine oneshell archives jobserver output-sync check-symlink load
# environment
LS_COLORS = 
# environment
XDG_SESSION_DESKTOP = ubuntu
# environment
SSH_AUTH_SOCK = /run/user/1000/keyring/ssh
# environment
GIO_LAUNCHED_DESKTOP_FILE_PID = 6467
# automatic
%F = $(notdir $%)
# environment
DISPLAY = :0
# environment
VSCODE_PIPE_LOGGING = true
# environment
PWD = /home/acmt/Documents/pfasimplu-go
# default
.LOADED := 
# environment
SSH_AGENT_PID = 2171
# environment
ORIGINAL_XDG_CURRENT_DESKTOP = ubuntu:GNOME
# environment
GTK_MODULES = gail:atk-bridge
# environment
VSCODE_AMD_ENTRYPOINT = vs/workbench/api/node/extensionHostProcess
# environment
HOME = /home/acmt
# environment
LESSCLOSE = /usr/bin/lesspipe %s %s
# environment
VSCODE_CODE_CACHE_PATH = /home/acmt/.config/Code/CachedData/c3511e6c69bb39013c4a4b7b9566ec1ca73fc4d5
# environment
LOGNAME = acmt
# environment
APPLICATION_INSIGHTS_NO_DIAGNOSTIC_CHANNEL = 1
# environment
NVM_CD_FLAGS = 
# automatic
+F = $(notdir $+)
# environment
VSCODE_HANDLES_UNCAUGHT_ERRORS = true
# environment
GNOME_DESKTOP_SESSION_ID = this-is-deprecated
# automatic
^D = $(patsubst %/,%,$(dir $^))
# environment
LC_TIME = ro_RO.UTF-8
# default
MAKE = $(MAKE_COMMAND)
# default
MAKECMDGOALS := all
# environment
QT_IM_MODULE = ibus
# environment
SHLVL = 0
# environment
GNOME_SHELL_SESSION_MODE = ubuntu
# environment
VSCODE_IPC_HOOK_EXTHOST = /run/user/1000/vscode-ipc-e8c8c3e2-95d4-454a-92b7-3b91bf31af06.sock
# default
MAKE_VERSION := 4.2.1
# environment
USER = acmt
# environment
LC_MONETARY = ro_RO.UTF-8
# makefile
.DEFAULT_GOAL := run
# environment
XDG_CURRENT_DESKTOP = Unity
# environment
LIBVIRT_DEFAULT_URI = qemu:///system
# automatic
%D = $(patsubst %/,%,$(dir $%))
# environment
LC_TELEPHONE = ro_RO.UTF-8
# default
MAKE_COMMAND := make
# default
.VARIABLES := 
# automatic
*F = $(notdir $*)
# environment
VSCODE_IPC_HOOK = /run/user/1000/vscode-a5eb3dee-1.67.2-main.sock
# makefile
MAKEFLAGS = pqrR
# environment
MFLAGS = -pqrR
# automatic
*D = $(patsubst %/,%,$(dir $*))
# environment
NVM_DIR = /home/acmt/.nvm
# automatic
+D = $(patsubst %/,%,$(dir $+))
# environment
GDK_BACKEND = x11
# environment
LC_PAPER = ro_RO.UTF-8
# environment
QT_ACCESSIBILITY = 1
# environment
DEFAULTS_PATH = /usr/share/gconf/ubuntu.default.path
# default
MAKEFILES := 
# environment
LC_NUMERIC = ro_RO.UTF-8
# automatic
<F = $(notdir $<)
# environment
LC_MEASUREMENT = ro_RO.UTF-8
# environment
LC_ALL = C
# environment
GJS_DEBUG_TOPICS = JS ERROR;JS LOG
# automatic
^F = $(notdir $^)
# default
SUFFIXES := 
# environment
CHROME_DESKTOP = code-url-handler.desktop
# environment
WINDOWPATH = 2
# default
.INCLUDE_DIRS = /usr/include /usr/local/include /usr/include
# environment
LC_IDENTIFICATION = ro_RO.UTF-8
# default
.RECIPEPREFIX := 
# environment
LC_ADDRESS = ro_RO.UTF-8
# environment
LANG = C
# environment
VSCODE_PID = 6467
# environment
NVM_RC_VERSION = 
# variable set hash-table stats:
# Load=112/1024=11%, Rehash=0, Collisions=18/137=13%

# Pattern-specific Variable Values

# No pattern-specific variable values.

# Directories

# . (device 66306, inode 14822093): 33 files, no impossibilities.

# 33 files, no impossibilities in 1 directories.

# Implicit Rules

# No implicit rules.

# Files

# Not a target:
all:
#  Command line target.
#  Implicit rule search has been done.
#  File does not exist.
#  File has not been updated.

# Not a target:
makefile:
#  Implicit rule search has been done.
#  Last modified 2022-05-17 15:46:51.758115953
#  File has been updated.
#  Successfully updated.

build:
#  Implicit rule search has not been done.
#  Modification time never checked.
#  File has not been updated.
#  recipe to execute (from 'makefile', line 4):
	rm -rf dist 
	GOOS=windows GOARCH=amd64 go build -o dist/PFASimplu-Windows-64bit/pfasimplu.exe main.go
	GOOS=linux GOARCH=amd64 go build -o dist/PFASimplu-Linux-64bit/pfasimplu main.go
	GOOS=darwin GOARCH=amd64 go build -o dist/PFASimplu-MacOS-64bit/pfasimplu main.go
	cp -r assets dist/PFASimplu-Windows-64bit/
	cp -r assets dist/PFASimplu-Linux-64bit/
	cp -r assets dist/PFASimplu-MacOS-64bit/
	cp -r INSTRUCTIUNI-WINDOWS.txt dist/PFASimplu-Windows-64bit/INSTRUCTIUNI.txt
	cp -r INSTRUCTIUNI-LINUX.txt dist/PFASimplu-Linux-64bit/INSTRUCTIUNI.txt
	cp -r INSTRUCTIUNI-MAC.txt dist/PFASimplu-MacOS-64bit/INSTRUCTIUNI.txt
	mkdir dist/PFASimplu
	mkdir dist/PFASimplu/Instructiuni
	cp dist/PFASimplu-Windows-64bit/pfasimplu.exe dist/PFASimplu/pfasimplu-win.exe
	cp dist/PFASimplu-Linux-64bit/pfasimplu dist/PFASimplu/pfasimplu-nix
	cp dist/PFASimplu-MacOS-64bit/pfasimplu dist/PFASimplu/pfasimplu-mac
	cp -r assets dist/PFASimplu/
	cp -r INSTRUCTIUNI-WINDOWS.txt dist/PFASimplu/Instructiuni/INSTRUCTIUNI-WIN.txt
	cp -r INSTRUCTIUNI-LINUX.txt dist/PFASimplu/Instructiuni/INSTRUCTIUNI-NIX.txt
	cp -r INSTRUCTIUNI-MAC.txt dist/PFASimplu/Instructiuni/INSTRUCTIUNI-MAC.txt
	zip -r dist/PFASimplu-Windows-64bit.zip dist/PFASimplu-Windows-64bit
	zip -r dist/PFASimplu-Linux-64bit.zip dist/PFASimplu-Linux-64bit
	zip -r dist/PFASimplu-MacOS-64bit.zip dist/PFASimplu-MacOS-64bit
	

# Not a target:
.DEFAULT:
#  Implicit rule search has not been done.
#  Modification time never checked.
#  File has not been updated.

run:
#  Implicit rule search has not been done.
#  Modification time never checked.
#  File has not been updated.
#  recipe to execute (from 'makefile', line 2):
	nodemon --exec go run main.go --signal SIGTERM

# files hash-table stats:
# Load=6/1024=1%, Rehash=0, Collisions=0/16=0%
# VPATH Search Paths

# No 'vpath' search paths.

# No general ('VPATH' variable) search path.

# strcache buffers: 1 (0) / strings = 40 / storage = 380 B / avg = 9 B
# current buf: size = 8162 B / used = 380 B / count = 40 / avg = 9 B

# strcache performance: lookups = 46 / hit rate = 13%
# hash-table stats:
 
# Load=40/8192=0%, Rehash=0, Collisions=1/46=2%
# Finished Make data base on Sat Jun  4 16:16:41 2022

 
